<?xml version="1.0" encoding="UTF-8"?>
<!-- Generated by org.testng.reporters.JUnitReportReporter -->
<testsuite skipped="0" hostname="MacBook-Air.local" name="com.hubspot.tests.HomePageTest" tests="1" failures="0" timestamp="10 Mar 2020 20:27:40 GMT" time="15.273" errors="0">
  <testcase name="verifyHomePageTitle" time="15.273" classname="com.hubspot.tests.HomePageTest"/>
</testsuite> <!-- com.hubspot.tests.HomePageTest -->
