<?xml version="1.0" encoding="UTF-8"?>
<!-- Generated by org.testng.reporters.JUnitReportReporter -->
<testsuite skipped="0" hostname="MacBook-Air.home" name="com.hubspot.tests.ContactsPageTest" tests="4" failures="0" timestamp="13 Mar 2020 23:14:48 GMT" time="101.689" errors="0">
  <testcase name="verifyContactPageTitle" time="14.934" classname="com.hubspot.tests.ContactsPageTest"/>
  <testcase name="createNewContactTest" time="27.938" classname="com.hubspot.tests.ContactsPageTest"/>
  <testcase name="createNewContactTest" time="29.847" classname="com.hubspot.tests.ContactsPageTest"/>
  <testcase name="createNewContactTest" time="28.970" classname="com.hubspot.tests.ContactsPageTest"/>
</testsuite> <!-- com.hubspot.tests.ContactsPageTest -->
