<?xml version="1.0" encoding="UTF-8"?>
<!-- Generated by org.testng.reporters.JUnitReportReporter -->
<testsuite skipped="0" hostname="MacBook-Air.home" name="com.hubspot.tests.LoginPageTest" tests="4" failures="0" timestamp="14 Mar 2020 00:20:17 GMT" time="35.231" errors="0">
  <testcase name="getTitle" time="7.642" classname="com.hubspot.tests.LoginPageTest"/>
  <testcase name="loginTest1" time="8.576" classname="com.hubspot.tests.LoginPageTest"/>
  <testcase name="loginTest2" time="8.547" classname="com.hubspot.tests.LoginPageTest"/>
  <testcase name="loginTest3" time="10.466" classname="com.hubspot.tests.LoginPageTest"/>
</testsuite> <!-- com.hubspot.tests.LoginPageTest -->
